2025-12-23 21:23:34 | INFO     | 🤖 启动交易机器人
2025-12-23 21:24:28 | INFO     | 🤖 启动交易机器人
2025-12-23 21:28:35 | INFO     | 🤖 启动交易机器人
2025-12-23 21:37:19 | INFO     | 🤖 启动交易机器人
2025-12-23 21:41:39 | INFO     | 🤖 启动交易机器人
2025-12-23 21:42:19 | INFO     | 🤖 启动交易机器人
2025-12-23 21:44:59 | INFO     | 🤖 启动交易机器人
2025-12-23 21:45:01 | INFO     | 🤖 监控线程已启动
2025-12-23 21:45:01 | INFO     | 🤖 开始第 1 轮循环
2025-12-23 21:45:01 | INFO     | 💳 保证金检查: 净值$91.88, 可用$91.88, 使用率0.0%, 持仓0
2025-12-23 21:45:01 | INFO     | 🤖 价格4489.86, 信号1, 持仓0
2025-12-23 21:45:01 | INFO     | 💎 开仓: BUY 0.01手 @ 4490.16, SL:4481.44, TP:4511.01
2025-12-23 21:45:01 | INFO     | 🤖 第 1 轮循环完成，耗时 0.3秒
2025-12-23 21:46:00 | INFO     | 🤖 开始第 2 轮循环
2025-12-23 21:46:00 | INFO     | 💳 保证金检查: 净值$91.86, 可用$89.61, 使用率2.4%, 持仓1
2025-12-23 21:46:00 | INFO     | 🤖 价格4490.27, 信号1, 持仓1
2025-12-23 21:46:00 | ERROR    | ❌ 主循环异常: unsupported operand type(s) for -: 'datetime.datetime' and 'int'
2025-12-23 21:46:00 | ERROR    | ❌ 状态保存: Object of type datetime is not JSON serializable
2025-12-23 21:46:00 | ERROR    | ❌ 状态保存: Object of type datetime is not JSON serializable
2025-12-23 21:48:32 | ERROR    | ❌ 状态加载: Expecting value: line 7 column 19 (char 172)
2025-12-23 21:48:32 | INFO     | 🤖 启动交易机器人
2025-12-23 21:48:36 | INFO     | 🤖 监控线程已启动
2025-12-23 21:48:36 | INFO     | 🤖 开始第 1 轮循环
2025-12-23 21:48:36 | INFO     | 💳 保证金检查: 净值$92.02, 可用$92.02, 使用率0.0%, 持仓0
2025-12-23 21:48:36 | INFO     | 🤖 价格4490.45, 信号1, 持仓0
2025-12-23 21:48:36 | INFO     | 💎 开仓: BUY 0.01手 @ 4490.74, SL:4481.72, TP:4512.80
2025-12-23 21:48:37 | INFO     | 🤖 第 1 轮循环完成，耗时 0.3秒
2025-12-23 21:49:04 | INFO     | 🤖 收到键盘中断信号
2025-12-23 21:49:04 | ERROR    | ❌ 状态保存: Object of type datetime is not JSON serializable
